  main.c
C:\Users\김순욱\Desktop\읭\코딩\패스트 캠퍼스\컴공 올인원\자료구조\AVL Tree\AVL Tree\main.c(29,49): warning C4133: '함수': 'Node *'과(와) 'Node *' 사이의 형식이 호환되지 않습니다.
C:\Users\김순욱\Desktop\읭\코딩\패스트 캠퍼스\컴공 올인원\자료구조\AVL Tree\AVL Tree\main.c(29,78): warning C4133: '함수': 'Node *'과(와) 'Node *' 사이의 형식이 호환되지 않습니다.
C:\Users\김순욱\Desktop\읭\코딩\패스트 캠퍼스\컴공 올인원\자료구조\AVL Tree\AVL Tree\main.c(36,1): warning C4133: '초기화 중': 'Node *'과(와) 'Node *' 사이의 형식이 호환되지 않습니다.
C:\Users\김순욱\Desktop\읭\코딩\패스트 캠퍼스\컴공 올인원\자료구조\AVL Tree\AVL Tree\main.c(37,1): warning C4133: '초기화 중': 'Node *'과(와) 'Node *' 사이의 형식이 호환되지 않습니다.
C:\Users\김순욱\Desktop\읭\코딩\패스트 캠퍼스\컴공 올인원\자료구조\AVL Tree\AVL Tree\main.c(45,30): warning C4133: '=': 'Node *'과(와) 'Node *' 사이의 형식이 호환되지 않습니다.
C:\Users\김순욱\Desktop\읭\코딩\패스트 캠퍼스\컴공 올인원\자료구조\AVL Tree\AVL Tree\main.c(43,1): warning C4133: '초기화 중': 'Node *'과(와) 'Node *' 사이의 형식이 호환되지 않습니다.
C:\Users\김순욱\Desktop\읭\코딩\패스트 캠퍼스\컴공 올인원\자료구조\AVL Tree\AVL Tree\main.c(54,30): warning C4133: '=': 'Node *'과(와) 'Node *' 사이의 형식이 호환되지 않습니다.
C:\Users\김순욱\Desktop\읭\코딩\패스트 캠퍼스\컴공 올인원\자료구조\AVL Tree\AVL Tree\main.c(52,1): warning C4133: '초기화 중': 'Node *'과(와) 'Node *' 사이의 형식이 호환되지 않습니다.
C:\Users\김순욱\Desktop\읭\코딩\패스트 캠퍼스\컴공 올인원\자료구조\AVL Tree\AVL Tree\main.c(62,39): warning C4133: '=': 'Node *'과(와) 'Node *' 사이의 형식이 호환되지 않습니다.
C:\Users\김순욱\Desktop\읭\코딩\패스트 캠퍼스\컴공 올인원\자료구조\AVL Tree\AVL Tree\main.c(61,1): warning C4133: '초기화 중': 'Node *'과(와) 'Node *' 사이의 형식이 호환되지 않습니다.
C:\Users\김순욱\Desktop\읭\코딩\패스트 캠퍼스\컴공 올인원\자료구조\AVL Tree\AVL Tree\main.c(69,41): warning C4133: '=': 'Node *'과(와) 'Node *' 사이의 형식이 호환되지 않습니다.
C:\Users\김순욱\Desktop\읭\코딩\패스트 캠퍼스\컴공 올인원\자료구조\AVL Tree\AVL Tree\main.c(68,1): warning C4133: '초기화 중': 'Node *'과(와) 'Node *' 사이의 형식이 호환되지 않습니다.
C:\Users\김순욱\Desktop\읭\코딩\패스트 캠퍼스\컴공 올인원\자료구조\AVL Tree\AVL Tree\main.c(77,36): warning C4133: '함수': 'Node *'과(와) 'Node *' 사이의 형식이 호환되지 않습니다.
C:\Users\김순욱\Desktop\읭\코딩\패스트 캠퍼스\컴공 올인원\자료구조\AVL Tree\AVL Tree\main.c(85,37): warning C4133: '함수': 'Node *'과(와) 'Node *' 사이의 형식이 호환되지 않습니다.
C:\Users\김순욱\Desktop\읭\코딩\패스트 캠퍼스\컴공 올인원\자료구조\AVL Tree\AVL Tree\main.c(105,47): warning C4133: '함수': 'Node *'과(와) 'Node *' 사이의 형식이 호환되지 않습니다.
C:\Users\김순욱\Desktop\읭\코딩\패스트 캠퍼스\컴공 올인원\자료구조\AVL Tree\AVL Tree\main.c(105,54): warning C4133: '=': 'Node *'과(와) 'Node *' 사이의 형식이 호환되지 않습니다.
C:\Users\김순욱\Desktop\읭\코딩\패스트 캠퍼스\컴공 올인원\자료구조\AVL Tree\AVL Tree\main.c(109,49): warning C4133: '함수': 'Node *'과(와) 'Node *' 사이의 형식이 호환되지 않습니다.
C:\Users\김순욱\Desktop\읭\코딩\패스트 캠퍼스\컴공 올인원\자료구조\AVL Tree\AVL Tree\main.c(109,56): warning C4133: '=': 'Node *'과(와) 'Node *' 사이의 형식이 호환되지 않습니다.
C:\Users\김순욱\Desktop\읭\코딩\패스트 캠퍼스\컴공 올인원\자료구조\AVL Tree\AVL Tree\main.c(123,27): warning C4133: '함수': 'Node *'과(와) 'Node *' 사이의 형식이 호환되지 않습니다.
C:\Users\김순욱\Desktop\읭\코딩\패스트 캠퍼스\컴공 올인원\자료구조\AVL Tree\AVL Tree\main.c(132,26): warning C4133: '함수': 'Node *'과(와) 'Node *' 사이의 형식이 호환되지 않습니다.
  AVL Tree.vcxproj -> C:\Users\김순욱\Desktop\읭\코딩\패스트 캠퍼스\컴공 올인원\자료구조\AVL Tree\Debug\AVL Tree.exe
